0 info it worked if it ends with ok
1 verbose cli [ 'node', '/usr/local/bin/npm', 'install', '-g', 'cordova@3.4' ]
2 info using npm@2.0.2
3 info using node@v0.10.32
4 verbose node symlink /usr/local/bin/node
5 verbose cache add [ 'cordova@3.4', null ]
6 verbose cache add spec="cordova@3.4" args=["cordova@3.4",null]
7 verbose parsed spec { raw: 'cordova@3.4',
7 verbose parsed spec   scope: null,
7 verbose parsed spec   name: 'cordova',
7 verbose parsed spec   rawSpec: '3.4',
7 verbose parsed spec   spec: '>=3.4.0 <3.5.0',
7 verbose parsed spec   type: 'range' }
8 verbose parsed spec { raw: 'cordova@3.4',
8 verbose parsed spec   scope: null,
8 verbose parsed spec   name: 'cordova',
8 verbose parsed spec   rawSpec: '3.4',
8 verbose parsed spec   spec: '>=3.4.0 <3.5.0',
8 verbose parsed spec   type: 'range' }
9 verbose addNamed [ 'cordova', '>=3.4.0 <3.5.0' ]
10 verbose addNamed [ null, '>=3.4.0 <3.5.0' ]
11 silly lockFile 2c98d97a-cordova-3-4-0-3-5-0 cordova@>=3.4.0 <3.5.0
12 verbose lock cordova@>=3.4.0 <3.5.0 /Users/Viral/.npm/2c98d97a-cordova-3-4-0-3-5-0.lock
13 silly addNameRange { name: 'cordova', range: '>=3.4.0 <3.5.0', hasData: false }
14 verbose mapToRegistry name cordova
15 verbose mapToRegistry uri https://registry.npmjs.org/cordova
16 verbose request on initialization, where is /cordova
17 verbose request after pass 1, where is /cordova
18 verbose request url raw /cordova
19 verbose request resolving registry [ 'https://registry.npmjs.org/', './cordova' ]
20 verbose request after pass 2, where is https://registry.npmjs.org/cordova
21 verbose request no auth needed
22 info attempt registry request try #1 at 16:30:03
23 verbose request id 818bcb5a6b8d0389
24 verbose etag "94O8WDLA3RWK514X6B8UGJQJV"
25 http request GET https://registry.npmjs.org/cordova
26 http 304 https://registry.npmjs.org/cordova
27 silly registry.get cb [ 304,
27 silly registry.get   { date: 'Wed, 08 Oct 2014 14:30:04 GMT',
27 silly registry.get     server: 'Apache',
27 silly registry.get     via: '1.1 varnish',
27 silly registry.get     'last-modified': 'Wed, 08 Oct 2014 14:30:04 GMT',
27 silly registry.get     'cache-control': 'max-age=60',
27 silly registry.get     etag: '"94O8WDLA3RWK514X6B8UGJQJV"',
27 silly registry.get     'x-served-by': 'cache-fra1227-FRA',
27 silly registry.get     'x-cache': 'HIT',
27 silly registry.get     'x-cache-hits': '1',
27 silly registry.get     'x-timer': 'S1412778604.012718,VS0,VE1',
27 silly registry.get     vary: 'Accept',
27 silly registry.get     'content-length': '0',
27 silly registry.get     'keep-alive': 'timeout=10, max=50',
27 silly registry.get     connection: 'Keep-Alive' } ]
28 verbose etag https://registry.npmjs.org/cordova from cache
29 silly addNameRange number 2 { name: 'cordova', range: '>=3.4.0 <3.5.0', hasData: true }
30 silly addNameRange versions [ 'cordova',
30 silly addNameRange   [ '0.0.1',
30 silly addNameRange     '0.0.2',
30 silly addNameRange     '0.0.3',
30 silly addNameRange     '0.0.4',
30 silly addNameRange     '0.0.5',
30 silly addNameRange     '0.0.6',
30 silly addNameRange     '0.0.7',
30 silly addNameRange     '0.0.8',
30 silly addNameRange     '0.0.9',
30 silly addNameRange     '0.1.0',
30 silly addNameRange     '0.1.1',
30 silly addNameRange     '0.1.2',
30 silly addNameRange     '0.1.3',
30 silly addNameRange     '0.1.4',
30 silly addNameRange     '0.1.5',
30 silly addNameRange     '0.1.6',
30 silly addNameRange     '0.1.7',
30 silly addNameRange     '0.1.8',
30 silly addNameRange     '0.1.9',
30 silly addNameRange     '0.1.10',
30 silly addNameRange     '0.1.11',
30 silly addNameRange     '0.1.12',
30 silly addNameRange     '0.1.13',
30 silly addNameRange     '0.1.14',
30 silly addNameRange     '2.2.0',
30 silly addNameRange     '2.3.0',
30 silly addNameRange     '2.3.1',
30 silly addNameRange     '2.3.2',
30 silly addNameRange     '2.3.3',
30 silly addNameRange     '2.3.5',
30 silly addNameRange     '2.3.6',
30 silly addNameRange     '2.4.0',
30 silly addNameRange     '2.4.1',
30 silly addNameRange     '2.4.2',
30 silly addNameRange     '2.4.3',
30 silly addNameRange     '2.4.4',
30 silly addNameRange     '2.4.5',
30 silly addNameRange     '2.4.6',
30 silly addNameRange     '2.4.7',
30 silly addNameRange     '2.4.8',
30 silly addNameRange     '2.4.9',
30 silly addNameRange     '2.4.10',
30 silly addNameRange     '2.5.0',
30 silly addNameRange     '2.5.2',
30 silly addNameRange     '2.5.3',
30 silly addNameRange     '2.5.4',
30 silly addNameRange     '2.5.5',
30 silly addNameRange     '2.6.0',
30 silly addNameRange     '2.6.1',
30 silly addNameRange     '2.6.2',
30 silly addNameRange     '2.7.0-rc.1',
30 silly addNameRange     '2.7.1-rc.1',
30 silly addNameRange     '2.7.2',
30 silly addNameRange     '2.7.3',
30 silly addNameRange     '2.7.4',
30 silly addNameRange     '2.8.0',
30 silly addNameRange     '2.8.1',
30 silly addNameRange     '2.8.2',
30 silly addNameRange     '2.8.3',
30 silly addNameRange     '2.8.4',
30 silly addNameRange     '2.8.5',
30 silly addNameRange     '2.8.6',
30 silly addNameRange     '2.8.7',
30 silly addNameRange     '2.8.8',
30 silly addNameRange     '2.8.9',
30 silly addNameRange     '2.8.10',
30 silly addNameRange     '2.8.11',
30 silly addNameRange     '2.8.12',
30 silly addNameRange     '2.8.13',
30 silly addNameRange     '2.8.14',
30 silly addNameRange     '2.8.15',
30 silly addNameRange     '2.8.16',
30 silly addNameRange     '2.8.17',
30 silly addNameRange     '2.8.18',
30 silly addNameRange     '2.8.19',
30 silly addNameRange     '2.8.20',
30 silly addNameRange     '2.8.21',
30 silly addNameRange     '2.8.22',
30 silly addNameRange     '2.8.23',
30 silly addNameRange     '2.8.24',
30 silly addNameRange     '2.8.25',
30 silly addNameRange     '2.9.0',
30 silly addNameRange     '2.9.1',
30 silly addNameRange     '2.9.2',
30 silly addNameRange     '2.9.3',
30 silly addNameRange     '2.9.4',
30 silly addNameRange     '2.9.5',
30 silly addNameRange     '2.9.6',
30 silly addNameRange     '2.9.7',
30 silly addNameRange     '3.0.0-rc1',
30 silly addNameRange     '3.0.0-rc1-1',
30 silly addNameRange     '3.0.0-rc1-3',
30 silly addNameRange     '3.0.0',
30 silly addNameRange     '3.0.1',
30 silly addNameRange     '3.0.2',
30 silly addNameRange     '3.0.3',
30 silly addNameRange     '3.0.4',
30 silly addNameRange     '3.0.5',
30 silly addNameRange     '3.0.6',
30 silly addNameRange     '3.0.7',
30 silly addNameRange     '3.0.8',
30 silly addNameRange     '3.0.9',
30 silly addNameRange     '3.0.10',
30 silly addNameRange     '3.1.0-0.1.0',
30 silly addNameRange     '3.1.0-0.2.0',
30 silly addNameRange     '3.2.0-rc.1',
30 silly addNameRange     '3.2.0-0.1.0',
30 silly addNameRange     '3.2.0-0.2.0',
30 silly addNameRange     '3.2.0-0.3.0',
30 silly addNameRange     '3.2.0-0.4.0',
30 silly addNameRange     '3.3.0-rc.1',
30 silly addNameRange     '3.3.0-0.1.1',
30 silly addNameRange     '3.3.1-0.1.2',
30 silly addNameRange     '2.9.0-rc1',
30 silly addNameRange     '3.3.1-0.3.0',
30 silly addNameRange     '3.3.1-0.3.1',
30 silly addNameRange     '3.3.1-0.4.1',
30 silly addNameRange     '3.3.1-0.4.2',
30 silly addNameRange     '3.4.0-0.1.0',
30 silly addNameRange     '3.4.0-0.1.1',
30 silly addNameRange     '3.4.0-0.1.2',
30 silly addNameRange     '3.4.0-0.1.3',
30 silly addNameRange     '0.0.0-fake',
30 silly addNameRange     '3.4.1-0.1.0',
30 silly addNameRange     '3.5.0-0.2.0',
30 silly addNameRange     '3.5.0-0.2.1',
30 silly addNameRange     '3.5.0-0.2.2',
30 silly addNameRange     '3.5.0-0.2.3',
30 silly addNameRange     '3.5.0-0.2.4',
30 silly addNameRange     '3.5.0-0.2.6',
30 silly addNameRange     '3.5.0-0.2.7',
30 silly addNameRange     '3.6.0-0.2.8',
30 silly addNameRange     '3.6.0-0.2.9',
30 silly addNameRange     '3.6.1-0.2.10',
30 silly addNameRange     '3.6.3-0.2.11',
30 silly addNameRange     '3.6.3-0.2.12',
30 silly addNameRange     '3.6.3-0.2.13',
30 silly addNameRange     '3.7.0' ] ]
31 silly lockFile 2c98d97a-cordova-3-4-0-3-5-0 cordova@>=3.4.0 <3.5.0
32 silly lockFile 2c98d97a-cordova-3-4-0-3-5-0 cordova@>=3.4.0 <3.5.0
33 verbose stack Error: No compatible version found: cordova@'>=3.4.0 <3.5.0'
33 verbose stack Valid install targets:
33 verbose stack ["3.6.0-0.2.8","0.0.1","0.0.2","0.0.3","0.0.4","0.0.5","0.0.6","0.0.7","0.0.8","0.0.9","0.1.0","0.1.1","0.1.2","0.1.3","0.1.4","0.1.5","0.1.6","0.1.7","0.1.8","0.1.9","0.1.10","0.1.11","0.1.12","0.1.13","0.1.14","2.2.0","2.3.0","2.3.1","2.3.2","2.3.3","2.3.5","2.3.6","2.4.0","2.4.1","2.4.2","2.4.3","2.4.4","2.4.5","2.4.6","2.4.7","2.4.8","2.4.9","2.4.10","2.5.0","2.5.2","2.5.3","2.5.4","2.5.5","2.6.0","2.6.1","2.6.2","2.7.0-rc.1","2.7.1-rc.1","2.7.2","2.7.3","2.7.4","2.8.0","2.8.1","2.8.2","2.8.3","2.8.4","2.8.5","2.8.6","2.8.7","2.8.8","2.8.9","2.8.10","2.8.11","2.8.12","2.8.13","2.8.14","2.8.15","2.8.16","2.8.17","2.8.18","2.8.19","2.8.20","2.8.21","2.8.22","2.8.23","2.8.24","2.8.25","2.9.0","2.9.1","2.9.2","2.9.3","2.9.4","2.9.5","2.9.6","2.9.7","3.0.0-rc1","3.0.0-rc1-1","3.0.0-rc1-3","3.0.0","3.0.1","3.0.2","3.0.3","3.0.4","3.0.5","3.0.6","3.0.7","3.0.8","3.0.9","3.0.10","3.1.0-0.1.0","3.1.0-0.2.0","3.2.0-rc.1","3.2.0-0.1.0","3.2.0-0.2.0","3.2.0-0.3.0","3.2.0-0.4.0","3.3.0-rc.1","3.3.0-0.1.1","3.3.1-0.1.2","2.9.0-rc1","3.3.1-0.3.0","3.3.1-0.3.1","3.3.1-0.4.1","3.3.1-0.4.2","3.4.0-0.1.0","3.4.0-0.1.1","3.4.0-0.1.2","3.4.0-0.1.3","0.0.0-fake","3.4.1-0.1.0","3.5.0-0.2.0","3.5.0-0.2.1","3.5.0-0.2.2","3.5.0-0.2.3","3.5.0-0.2.4","3.5.0-0.2.6","3.5.0-0.2.7","3.6.0-0.2.8","3.6.0-0.2.9","3.6.1-0.2.10","3.6.3-0.2.11","3.6.3-0.2.12","3.6.3-0.2.13","3.7.0"]
33 verbose stack
33 verbose stack     at installTargetsError (/usr/local/lib/node_modules/npm/lib/cache/add-named.js:258:12)
33 verbose stack     at next (/usr/local/lib/node_modules/npm/lib/cache/add-named.js:237:17)
33 verbose stack     at setData (/usr/local/lib/node_modules/npm/lib/cache/add-named.js:214:5)
33 verbose stack     at saved (/usr/local/lib/node_modules/npm/node_modules/npm-registry-client/lib/get.js:167:7)
33 verbose stack     at Object.oncomplete (fs.js:107:15)
34 verbose cwd /Applications/XAMPP/xamppfiles/htdocs/notSite/pCouchApp
35 error Darwin 13.4.0
36 error argv "node" "/usr/local/bin/npm" "install" "-g" "cordova@3.4"
37 error node v0.10.32
38 error npm  v2.0.2
39 error code ETARGET
40 error notarget No compatible version found: cordova@'>=3.4.0 <3.5.0'
40 error notarget Valid install targets:
40 error notarget ["3.6.0-0.2.8","0.0.1","0.0.2","0.0.3","0.0.4","0.0.5","0.0.6","0.0.7","0.0.8","0.0.9","0.1.0","0.1.1","0.1.2","0.1.3","0.1.4","0.1.5","0.1.6","0.1.7","0.1.8","0.1.9","0.1.10","0.1.11","0.1.12","0.1.13","0.1.14","2.2.0","2.3.0","2.3.1","2.3.2","2.3.3","2.3.5","2.3.6","2.4.0","2.4.1","2.4.2","2.4.3","2.4.4","2.4.5","2.4.6","2.4.7","2.4.8","2.4.9","2.4.10","2.5.0","2.5.2","2.5.3","2.5.4","2.5.5","2.6.0","2.6.1","2.6.2","2.7.0-rc.1","2.7.1-rc.1","2.7.2","2.7.3","2.7.4","2.8.0","2.8.1","2.8.2","2.8.3","2.8.4","2.8.5","2.8.6","2.8.7","2.8.8","2.8.9","2.8.10","2.8.11","2.8.12","2.8.13","2.8.14","2.8.15","2.8.16","2.8.17","2.8.18","2.8.19","2.8.20","2.8.21","2.8.22","2.8.23","2.8.24","2.8.25","2.9.0","2.9.1","2.9.2","2.9.3","2.9.4","2.9.5","2.9.6","2.9.7","3.0.0-rc1","3.0.0-rc1-1","3.0.0-rc1-3","3.0.0","3.0.1","3.0.2","3.0.3","3.0.4","3.0.5","3.0.6","3.0.7","3.0.8","3.0.9","3.0.10","3.1.0-0.1.0","3.1.0-0.2.0","3.2.0-rc.1","3.2.0-0.1.0","3.2.0-0.2.0","3.2.0-0.3.0","3.2.0-0.4.0","3.3.0-rc.1","3.3.0-0.1.1","3.3.1-0.1.2","2.9.0-rc1","3.3.1-0.3.0","3.3.1-0.3.1","3.3.1-0.4.1","3.3.1-0.4.2","3.4.0-0.1.0","3.4.0-0.1.1","3.4.0-0.1.2","3.4.0-0.1.3","0.0.0-fake","3.4.1-0.1.0","3.5.0-0.2.0","3.5.0-0.2.1","3.5.0-0.2.2","3.5.0-0.2.3","3.5.0-0.2.4","3.5.0-0.2.6","3.5.0-0.2.7","3.6.0-0.2.8","3.6.0-0.2.9","3.6.1-0.2.10","3.6.3-0.2.11","3.6.3-0.2.12","3.6.3-0.2.13","3.7.0"]
40 error notarget
40 error notarget This is most likely not a problem with npm itself.
40 error notarget In most cases you or one of your dependencies are requesting
40 error notarget a package version that doesn't exist.
41 verbose exit [ 1, true ]
